<?xml version="1.0" encoding="utf-8"?><testsuites name="pytest tests"><testsuite name="pytest" errors="0" failures="0" skipped="0" tests="45" time="13.693" timestamp="2026-07-09T17:59:37.834148+00:00" hostname="agent-env-fca7ded7-6cd3-4b45-a9ec-a9fdb33cc2b3"><testcase classname="tests.backend_test.TestProductsCatalogue" name="test_list_products_returns_seeded" time="0.337" /><testcase classname="tests.backend_test.TestPdfExport" name="test_export_pdf_requires_auth" time="0.381" /><testcase classname="tests.backend_test.TestProductsCatalogue" name="test_filter_by_category" time="0.133" /><testcase classname="tests.backend_test.TestProductsCatalogue" name="test_price_range_filter" time="0.261" /><testcase classname="tests.backend_test.TestProductsCatalogue" name="test_search" time="0.051" /><testcase classname="tests.backend_test.TestPdfExport" name="test_export_pdf_catalogue_style" time="5.074" /><testcase classname="tests.backend_test.TestProductsCatalogue" name="test_sort_price_asc" time="0.047" /><testcase classname="tests.backend_test.TestProductsCatalogue" name="test_sort_price_desc" time="0.052" /><testcase classname="tests.backend_test.TestProductsCatalogue" name="test_get_product_detail" time="4.559" /><testcase classname="tests.backend_test.TestProductsCatalogue" name="test_get_product_not_found" time="0.041" /><testcase classname="tests.backend_test.TestPdfExport" name="test_export_pdf_pricelist_style" time="0.088" /><testcase classname="tests.backend_test.TestPdfExport" name="test_export_pdf_default_style_is_catalogue" time="4.623" /><testcase classname="tests.backend_test.TestProductsAdmin" name="test_create_product_and_verify_item_number_pattern" time="4.967" /><testcase classname="tests.backend_test.TestPdfExport" name="test_export_pdf_invalid_style_rejected" time="0.044" /><testcase classname="tests.backend_test.TestPdfExport" name="test_export_pdf_filter_by_category_id" time="0.098" /><testcase classname="tests.backend_test.TestPdfExport" name="test_export_pdf_filter_by_categories_multi" time="0.103" /><testcase classname="tests.backend_test.TestPdfExport" name="test_export_pdf_price_range_filter" time="0.050" /><testcase classname="tests.backend_test.TestProductsAdmin" name="test_update_product" time="0.293" /><testcase classname="tests.backend_test.TestPdfExport" name="test_export_pdf_search_filter" time="0.050" /><testcase classname="tests.backend_test.TestPdfExport" name="test_export_pdf_zero_matches_returns_404" time="0.045" /><testcase classname="tests.backend_test.TestPdfExport" name="test_export_pdf_ids_param" time="0.108" /><testcase classname="tests.backend_test.TestPdfExport" name="test_export_pdf_ids_all_invalid_returns_404" time="0.066" /><testcase classname="tests.backend_test.TestPdfExport" name="test_regression_get_product_by_id_still_works" time="0.096" /><testcase classname="tests.backend_test.TestProductsAdmin" name="test_update_product_changing_category_regenerates_item_number" time="0.250" /><testcase classname="tests.backend_test.TestPdfExport" name="test_regression_get_product_export_pdf_literal_not_treated_as_id" time="0.167" /><testcase classname="tests.backend_test.TestProductsAdmin" name="test_delete_product" time="0.230" /><testcase classname="tests.backend_test.TestCategories" name="test_list_categories" time="0.099" /><testcase classname="tests.backend_test.TestCategories" name="test_create_rename_delete_category" time="0.352" /><testcase classname="tests.backend_test.TestProductsAdmin" name="test_bulk_delete" time="0.283" /><testcase classname="tests.backend_test.TestCategories" name="test_create_category_requires_admin" time="0.106" /><testcase classname="tests.backend_test.TestProductsAdmin" name="test_bulk_update_category" time="0.275" /><testcase classname="tests.backend_test.TestCategories" name="test_delete_category_with_products_blocked" time="0.108" /><testcase classname="tests.backend_test.TestCategories" name="test_reorder_categories" time="0.200" /><testcase classname="tests.backend_test.TestProductsAdmin" name="test_create_product_requires_admin" time="0.159" /><testcase classname="tests.backend_test.TestUpload" name="test_upload_requires_admin" time="0.142" /><testcase classname="tests.backend_test.TestAuth" name="test_login_success" time="0.295" /><testcase classname="tests.backend_test.TestUpload" name="test_upload_and_fetch" time="0.799" /><testcase classname="tests.backend_test.TestAuth" name="test_login_wrong_password" time="0.408" /><testcase classname="tests.backend_test.TestAuth" name="test_me_with_bearer" time="0.159" /><testcase classname="tests.backend_test.TestUpload" name="test_upload_invalid_type" time="0.109" /><testcase classname="tests.backend_test.TestAuth" name="test_me_without_token" time="0.112" /><testcase classname="tests.backend_test.TestAnalytics" name="test_analytics_admin" time="0.052" /><testcase classname="tests.backend_test.TestHealth" name="test_root" time="0.044" /><testcase classname="tests.backend_test.TestMeta" name="test_meta" time="0.046" /><testcase classname="tests.backend_test.TestAnalytics" name="test_analytics_non_admin_blocked" time="0.103" /></testsuite></testsuites>